# JRE version: Java(TM) SE Runtime Environment (23.0.2+7) (build 23.0.2+7-58)
# Java VM: Java HotSpot(TM) 64-Bit Server VM (23.0.2+7-58, mixed mode, sharing, tiered, compressed oops, compressed class ptrs, g1 gc, windows-amd64)
GC Precious Log:
 CardTable entry size: 512
 Card Set container configuration: InlinePtr #cards 5 size 8 Array Of Cards #cards 10 size 36 Howl #buckets 4 coarsen threshold 1843 Howl Bitmap #cards 512 size 80 coarsen threshold 460 Card regions per heap region 1 cards per card region 2048
 CPUs: 8 total, 8 available
 Memory: 6091M
 Large Page Support: Disabled
 NUMA Support: Disabled
 Compressed Oops: Enabled (32-bit)
 Heap Region Size: 1M
 Heap Min Capacity: 8M
 Heap Initial Capacity: 96M
 Heap Max Capacity: 1524M
 Pre-touch: Disabled
 Parallel Workers: 8
 Concurrent Workers: 2
 Concurrent Refinement Workers: 8
 Periodic GC: Disabled
Heap:
 garbage-first heap   total reserved 1560576K, committed 51200K, used 27067K [0x00000000a0c00000, 0x0000000100000000)
  region size 1024K, 10 young (10240K), 2 survivors (2048K)
 Metaspace       used 35200K, committed 35776K, reserved 1114112K
  class space    used 4684K, committed 4928K, reserved 1048576K
GC Heap History (12 events):
Event: 2.503 GC heap before
{Heap before GC invocations=0 (full 0):
 garbage-first heap   total reserved 1560576K, committed 98304K, used 26624K [0x00000000a0c00000, 0x0000000100000000)
  region size 1024K, 24 young (24576K), 0 survivors (0K)
 Metaspace       used 7561K, committed 7808K, reserved 1114112K
  class space    used 932K, committed 1024K, reserved 1048576K
}
Event: 2.520 GC heap after
{Heap after GC invocations=1 (full 0):
 garbage-first heap   total reserved 1560576K, committed 98304K, used 8064K [0x00000000a0c00000, 0x0000000100000000)
  region size 1024K, 3 young (3072K), 3 survivors (3072K)
 Metaspace       used 7561K, committed 7808K, reserved 1114112K
  class space    used 932K, committed 1024K, reserved 1048576K
}
Event: 3.643 GC heap before
{Heap before GC invocations=1 (full 0):
 garbage-first heap   total reserved 1560576K, committed 98304K, used 27520K [0x00000000a0c00000, 0x0000000100000000)
  region size 1024K, 23 young (23552K), 3 survivors (3072K)
 Metaspace       used 12188K, committed 12480K, reserved 1114112K
  class space    used 1624K, committed 1728K, reserved 1048576K
}
Event: 3.654 GC heap after
{Heap after GC invocations=2 (full 0):
 garbage-first heap   total reserved 1560576K, committed 98304K, used 10032K [0x00000000a0c00000, 0x0000000100000000)
  region size 1024K, 2 young (2048K), 2 survivors (2048K)
 Metaspace       used 12188K, committed 12480K, reserved 1114112K
  class space    used 1624K, committed 1728K, reserved 1048576K
}
Event: 5.236 GC heap before
{Heap before GC invocations=2 (full 0):
 garbage-first heap   total reserved 1560576K, committed 98304K, used 49968K [0x00000000a0c00000, 0x0000000100000000)
  region size 1024K, 42 young (43008K), 2 survivors (2048K)
 Metaspace       used 21250K, committed 21504K, reserved 1114112K
  class space    used 2739K, committed 2880K, reserved 1048576K
}
Event: 5.250 GC heap after
{Heap after GC invocations=3 (full 0):
 garbage-first heap   total reserved 1560576K, committed 98304K, used 13657K [0x00000000a0c00000, 0x0000000100000000)
  region size 1024K, 6 young (6144K), 6 survivors (6144K)
 Metaspace       used 21250K, committed 21504K, reserved 1114112K
  class space    used 2739K, committed 2880K, reserved 1048576K
}
Event: 6.762 GC heap before
{Heap before GC invocations=4 (full 0):
 garbage-first heap   total reserved 1560576K, committed 51200K, used 38233K [0x00000000a0c00000, 0x0000000100000000)
  region size 1024K, 30 young (30720K), 6 survivors (6144K)
 Metaspace       used 25480K, committed 25856K, reserved 1114112K
  class space    used 3320K, committed 3520K, reserved 1048576K
}
Event: 6.782 GC heap after
{Heap after GC invocations=5 (full 0):
 garbage-first heap   total reserved 1560576K, committed 51200K, used 16096K [0x00000000a0c00000, 0x0000000100000000)
  region size 1024K, 3 young (3072K), 3 survivors (3072K)
 Metaspace       used 25480K, committed 25856K, reserved 1114112K
  class space    used 3320K, committed 3520K, reserved 1048576K
}
Event: 8.674 GC heap before
{Heap before GC invocations=5 (full 0):
 garbage-first heap   total reserved 1560576K, committed 51200K, used 37600K [0x00000000a0c00000, 0x0000000100000000)
  region size 1024K, 24 young (24576K), 3 survivors (3072K)
 Metaspace       used 29316K, committed 29696K, reserved 1114112K
  class space    used 3912K, committed 4096K, reserved 1048576K
}
Event: 8.698 GC heap after
{Heap after GC invocations=6 (full 0):
 garbage-first heap   total reserved 1560576K, committed 51200K, used 18143K [0x00000000a0c00000, 0x0000000100000000)
  region size 1024K, 3 young (3072K), 3 survivors (3072K)
 Metaspace       used 29316K, committed 29696K, reserved 1114112K
  class space    used 3912K, committed 4096K, reserved 1048576K
}
Event: 10.074 GC heap before
{Heap before GC invocations=6 (full 0):
 garbage-first heap   total reserved 1560576K, committed 51200K, used 38623K [0x00000000a0c00000, 0x0000000100000000)
  region size 1024K, 23 young (23552K), 3 survivors (3072K)
 Metaspace       used 33052K, committed 33600K, reserved 1114112K
  class space    used 4403K, committed 4672K, reserved 1048576K
}
Event: 10.079 GC heap after
{Heap after GC invocations=7 (full 0):
 garbage-first heap   total reserved 1560576K, committed 51200K, used 19899K [0x00000000a0c00000, 0x0000000100000000)
  region size 1024K, 2 young (2048K), 2 survivors (2048K)
 Metaspace       used 33052K, committed 33600K, reserved 1114112K
  class space    used 4403K, committed 4672K, reserved 1048576K
}

